2024/03/18 15:40:20 [notice] 1#1: using the "epoll" event method
2024/03/18 15:40:20 [notice] 1#1: nginx/1.25.1
2024/03/18 15:40:20 [notice] 1#1: built by gcc 12.2.0 (Debian 12.2.0-14) 
2024/03/18 15:40:20 [notice] 1#1: OS: Linux 5.15.0-94-generic
2024/03/18 15:40:20 [notice] 1#1: getrlimit(RLIMIT_NOFILE): 1048576:1048576
2024/03/18 15:40:20 [notice] 1#1: start worker processes
2024/03/18 15:40:20 [notice] 1#1: start worker process 28
2024/03/18 15:40:20 [notice] 1#1: start worker process 29
2024/03/18 15:40:20 [notice] 1#1: start worker process 30
2024/03/18 15:40:20 [notice] 1#1: start worker process 31
2024/03/18 15:48:22 [notice] 1#1: signal 3 (SIGQUIT) received, shutting down
2024/03/18 15:48:22 [notice] 30#30: gracefully shutting down
2024/03/18 15:48:22 [notice] 30#30: exiting
2024/03/18 15:48:22 [notice] 30#30: exit
2024/03/18 15:48:22 [notice] 29#29: gracefully shutting down
2024/03/18 15:48:22 [notice] 29#29: exiting
2024/03/18 15:48:22 [notice] 28#28: gracefully shutting down
2024/03/18 15:48:22 [notice] 28#28: exiting
2024/03/18 15:48:22 [notice] 28#28: exit
2024/03/18 15:48:22 [notice] 31#31: gracefully shutting down
2024/03/18 15:48:22 [notice] 31#31: exiting
2024/03/18 15:48:22 [notice] 31#31: exit
2024/03/18 15:48:22 [notice] 29#29: exit
2024/03/18 15:48:22 [notice] 1#1: signal 17 (SIGCHLD) received from 30
2024/03/18 15:48:22 [notice] 1#1: worker process 30 exited with code 0
2024/03/18 15:48:22 [notice] 1#1: signal 29 (SIGIO) received
2024/03/18 15:48:22 [notice] 1#1: signal 17 (SIGCHLD) received from 31
2024/03/18 15:48:22 [notice] 1#1: worker process 31 exited with code 0
2024/03/18 15:48:22 [notice] 1#1: signal 29 (SIGIO) received
2024/03/18 15:48:22 [notice] 1#1: signal 17 (SIGCHLD) received from 29
2024/03/18 15:48:22 [notice] 1#1: worker process 29 exited with code 0
2024/03/18 15:48:22 [notice] 1#1: signal 29 (SIGIO) received
2024/03/18 15:48:22 [notice] 1#1: signal 17 (SIGCHLD) received from 28
2024/03/18 15:48:22 [notice] 1#1: worker process 28 exited with code 0
2024/03/18 15:48:22 [notice] 1#1: exit
2024/03/18 15:48:38 [notice] 1#1: using the "epoll" event method
2024/03/18 15:48:38 [notice] 1#1: nginx/1.25.1
2024/03/18 15:48:38 [notice] 1#1: built by gcc 12.2.0 (Debian 12.2.0-14) 
2024/03/18 15:48:38 [notice] 1#1: OS: Linux 5.15.0-94-generic
2024/03/18 15:48:38 [notice] 1#1: getrlimit(RLIMIT_NOFILE): 1048576:1048576
2024/03/18 15:48:38 [notice] 1#1: start worker processes
2024/03/18 15:48:38 [notice] 1#1: start worker process 28
2024/03/18 15:48:38 [notice] 1#1: start worker process 29
2024/03/18 15:48:38 [notice] 1#1: start worker process 30
2024/03/18 15:48:38 [notice] 1#1: start worker process 31
2024/03/18 15:53:24 [notice] 1#1: signal 3 (SIGQUIT) received, shutting down
2024/03/18 15:53:24 [notice] 28#28: gracefully shutting down
2024/03/18 15:53:24 [notice] 28#28: exiting
2024/03/18 15:53:24 [notice] 28#28: exit
2024/03/18 15:53:24 [notice] 29#29: gracefully shutting down
2024/03/18 15:53:24 [notice] 29#29: exiting
2024/03/18 15:53:24 [notice] 29#29: exit
2024/03/18 15:53:24 [notice] 31#31: gracefully shutting down
2024/03/18 15:53:24 [notice] 31#31: exiting
2024/03/18 15:53:24 [notice] 31#31: exit
2024/03/18 15:53:24 [notice] 30#30: gracefully shutting down
2024/03/18 15:53:24 [notice] 30#30: exiting
2024/03/18 15:53:24 [notice] 30#30: exit
2024/03/18 15:53:24 [notice] 1#1: signal 17 (SIGCHLD) received from 28
2024/03/18 15:53:24 [notice] 1#1: worker process 28 exited with code 0
2024/03/18 15:53:24 [notice] 1#1: signal 29 (SIGIO) received
2024/03/18 15:53:24 [notice] 1#1: signal 17 (SIGCHLD) received from 29
2024/03/18 15:53:24 [notice] 1#1: worker process 29 exited with code 0
2024/03/18 15:53:24 [notice] 1#1: signal 29 (SIGIO) received
2024/03/18 15:53:24 [notice] 1#1: signal 17 (SIGCHLD) received from 31
2024/03/18 15:53:24 [notice] 1#1: worker process 30 exited with code 0
2024/03/18 15:53:24 [notice] 1#1: worker process 31 exited with code 0
2024/03/18 15:53:24 [notice] 1#1: exit
2024/03/18 15:53:41 [notice] 1#1: using the "epoll" event method
2024/03/18 15:53:41 [notice] 1#1: nginx/1.25.1
2024/03/18 15:53:41 [notice] 1#1: built by gcc 12.2.0 (Debian 12.2.0-14) 
2024/03/18 15:53:41 [notice] 1#1: OS: Linux 5.15.0-94-generic
2024/03/18 15:53:41 [notice] 1#1: getrlimit(RLIMIT_NOFILE): 1048576:1048576
2024/03/18 15:53:41 [notice] 1#1: start worker processes
2024/03/18 15:53:41 [notice] 1#1: start worker process 29
2024/03/18 15:53:41 [notice] 1#1: start worker process 30
2024/03/18 15:53:41 [notice] 1#1: start worker process 31
2024/03/18 15:53:41 [notice] 1#1: start worker process 32
2024/03/18 16:10:30 [notice] 1#1: signal 3 (SIGQUIT) received, shutting down
2024/03/18 16:10:30 [notice] 32#32: gracefully shutting down
2024/03/18 16:10:30 [notice] 32#32: exiting
2024/03/18 16:10:30 [notice] 32#32: exit
2024/03/18 16:10:30 [notice] 31#31: gracefully shutting down
2024/03/18 16:10:30 [notice] 31#31: exiting
2024/03/18 16:10:30 [notice] 31#31: exit
2024/03/18 16:10:30 [notice] 30#30: gracefully shutting down
2024/03/18 16:10:30 [notice] 30#30: exiting
2024/03/18 16:10:30 [notice] 30#30: exit
2024/03/18 16:10:30 [notice] 29#29: gracefully shutting down
2024/03/18 16:10:30 [notice] 29#29: exiting
2024/03/18 16:10:30 [notice] 29#29: exit
2024/03/18 16:10:30 [notice] 1#1: signal 17 (SIGCHLD) received from 32
2024/03/18 16:10:30 [notice] 1#1: worker process 32 exited with code 0
2024/03/18 16:10:30 [notice] 1#1: signal 17 (SIGCHLD) received from 31
2024/03/18 16:10:30 [notice] 1#1: worker process 31 exited with code 0
2024/03/18 16:10:30 [notice] 1#1: signal 29 (SIGIO) received
2024/03/18 16:10:30 [notice] 1#1: signal 29 (SIGIO) received
2024/03/18 16:10:30 [notice] 1#1: signal 17 (SIGCHLD) received from 29
2024/03/18 16:10:30 [notice] 1#1: worker process 29 exited with code 0
2024/03/18 16:10:30 [notice] 1#1: signal 29 (SIGIO) received
2024/03/18 16:10:30 [notice] 1#1: signal 17 (SIGCHLD) received from 30
2024/03/18 16:10:30 [notice] 1#1: worker process 30 exited with code 0
2024/03/18 16:10:30 [notice] 1#1: exit
2024/03/18 16:38:09 [notice] 1#1: using the "epoll" event method
2024/03/18 16:38:09 [notice] 1#1: nginx/1.25.1
2024/03/18 16:38:09 [notice] 1#1: built by gcc 12.2.0 (Debian 12.2.0-14) 
2024/03/18 16:38:09 [notice] 1#1: OS: Linux 5.15.0-94-generic
2024/03/18 16:38:09 [notice] 1#1: getrlimit(RLIMIT_NOFILE): 1048576:1048576
2024/03/18 16:38:09 [notice] 1#1: start worker processes
2024/03/18 16:38:09 [notice] 1#1: start worker process 27
2024/03/18 16:38:09 [notice] 1#1: start worker process 28
2024/03/18 16:38:09 [notice] 1#1: start worker process 29
2024/03/18 16:38:09 [notice] 1#1: start worker process 30
2024/03/18 16:43:16 [notice] 1#1: signal 3 (SIGQUIT) received, shutting down
2024/03/18 16:43:16 [notice] 30#30: gracefully shutting down
2024/03/18 16:43:16 [notice] 28#28: gracefully shutting down
2024/03/18 16:43:16 [notice] 28#28: exiting
2024/03/18 16:43:16 [notice] 29#29: gracefully shutting down
2024/03/18 16:43:16 [notice] 29#29: exiting
2024/03/18 16:43:16 [notice] 27#27: gracefully shutting down
2024/03/18 16:43:16 [notice] 27#27: exiting
2024/03/18 16:43:16 [notice] 28#28: exit
2024/03/18 16:43:16 [notice] 29#29: exit
2024/03/18 16:43:16 [notice] 27#27: exit
2024/03/18 16:43:16 [notice] 1#1: signal 17 (SIGCHLD) received from 29
2024/03/18 16:43:16 [notice] 1#1: worker process 29 exited with code 0
2024/03/18 16:43:16 [notice] 1#1: signal 29 (SIGIO) received
2024/03/18 16:43:16 [notice] 1#1: signal 17 (SIGCHLD) received from 28
2024/03/18 16:43:16 [notice] 1#1: worker process 28 exited with code 0
2024/03/18 16:43:16 [notice] 1#1: signal 29 (SIGIO) received
2024/03/18 16:43:16 [notice] 1#1: signal 17 (SIGCHLD) received from 27
2024/03/18 16:43:16 [notice] 1#1: worker process 27 exited with code 0
2024/03/18 16:43:16 [notice] 1#1: signal 29 (SIGIO) received
2024/03/18 16:43:17 [notice] 30#30: exiting
2024/03/18 16:43:17 [notice] 30#30: exit
2024/03/18 16:43:17 [notice] 1#1: signal 17 (SIGCHLD) received from 30
2024/03/18 16:43:17 [notice] 1#1: worker process 30 exited with code 0
2024/03/18 16:43:17 [notice] 1#1: exit
2024/03/18 16:47:53 [notice] 1#1: using the "epoll" event method
2024/03/18 16:47:53 [notice] 1#1: nginx/1.25.1
2024/03/18 16:47:53 [notice] 1#1: built by gcc 12.2.0 (Debian 12.2.0-14) 
2024/03/18 16:47:53 [notice] 1#1: OS: Linux 5.15.0-94-generic
2024/03/18 16:47:53 [notice] 1#1: getrlimit(RLIMIT_NOFILE): 1048576:1048576
2024/03/18 16:47:53 [notice] 1#1: start worker processes
2024/03/18 16:47:53 [notice] 1#1: start worker process 28
2024/03/18 16:47:53 [notice] 1#1: start worker process 29
2024/03/18 16:47:53 [notice] 1#1: start worker process 30
2024/03/18 16:47:53 [notice] 1#1: start worker process 31
